<?xml version="1.0" encoding="UTF-8"?>
<testsuite xmlns:xsi="http://www.w3.org/2001/XMLSchema-instance" xsi:noNamespaceSchemaLocation="https://maven.apache.org/surefire/maven-surefire-plugin/xsd/surefire-test-report-3.0.xsd" version="3.0" name="com.toshi313.common.CommonUtAllTests" time="0.645" tests="4" errors="0" skipped="0" failures="0">
  <properties>
    <property name="sun.desktop" value="windows"/>
    <property name="awt.toolkit" value="sun.awt.windows.WToolkit"/>
    <property name="java.specification.version" value="12"/>
    <property name="sun.cpu.isalist" value="amd64"/>
    <property name="sun.jnu.encoding" value="MS932"/>
    <property name="java.class.path" value="C:\Users\Toshiyuki\maven_prj\mvn-web-app\target\test-classes;C:\Users\Toshiyuki\maven_prj\mvn-web-app\target\classes;C:\Users\Toshiyuki\.m2\repository\javax\servlet\javax.servlet-api\4.0.1\javax.servlet-api-4.0.1.jar;C:\Users\Toshiyuki\.m2\repository\commons-io\commons-io\2.6\commons-io-2.6.jar;C:\Users\Toshiyuki\.m2\repository\org\postgresql\postgresql\42.2.6\postgresql-42.2.6.jar;C:\Users\Toshiyuki\.m2\repository\org\slf4j\slf4j-api\1.7.26\slf4j-api-1.7.26.jar;C:\Users\Toshiyuki\.m2\repository\ch\qos\logback\logback-classic\1.2.3\logback-classic-1.2.3.jar;C:\Users\Toshiyuki\.m2\repository\ch\qos\logback\logback-core\1.2.3\logback-core-1.2.3.jar;C:\Users\Toshiyuki\.m2\repository\junit\junit\4.12\junit-4.12.jar;C:\Users\Toshiyuki\.m2\repository\org\mockito\mockito-core\2.28.2\mockito-core-2.28.2.jar;C:\Users\Toshiyuki\.m2\repository\net\bytebuddy\byte-buddy\1.9.10\byte-buddy-1.9.10.jar;C:\Users\Toshiyuki\.m2\repository\net\bytebuddy\byte-buddy-agent\1.9.10\byte-buddy-agent-1.9.10.jar;C:\Users\Toshiyuki\.m2\repository\org\objenesis\objenesis\2.6\objenesis-2.6.jar;C:\Users\Toshiyuki\.m2\repository\org\hamcrest\hamcrest-core\2.1\hamcrest-core-2.1.jar;C:\Users\Toshiyuki\.m2\repository\org\hamcrest\hamcrest\2.1\hamcrest-2.1.jar;C:\Users\Toshiyuki\.m2\repository\org\hamcrest\hamcrest-all\1.3\hamcrest-all-1.3.jar;C:\Users\Toshiyuki\.m2\repository\com\codeborne\phantomjsdriver\1.4.4\phantomjsdriver-1.4.4.jar;C:\Users\Toshiyuki\.m2\repository\org\seleniumhq\selenium\selenium-api\3.8.1\selenium-api-3.8.1.jar;C:\Users\Toshiyuki\.m2\repository\org\seleniumhq\selenium\selenium-remote-driver\3.8.1\selenium-remote-driver-3.8.1.jar;C:\Users\Toshiyuki\.m2\repository\commons-codec\commons-codec\1.10\commons-codec-1.10.jar;C:\Users\Toshiyuki\.m2\repository\commons-logging\commons-logging\1.2\commons-logging-1.2.jar;C:\Users\Toshiyuki\.m2\repository\com\google\code\gson\gson\2.8.2\gson-2.8.2.jar;C:\Users\Toshiyuki\.m2\repository\org\apache\httpcomponents\httpclient\4.5.3\httpclient-4.5.3.jar;C:\Users\Toshiyuki\.m2\repository\org\apache\httpcomponents\httpcore\4.4.6\httpcore-4.4.6.jar;C:\Users\Toshiyuki\.m2\repository\org\seleniumhq\selenium\selenium-java\3.141.59\selenium-java-3.141.59.jar;C:\Users\Toshiyuki\.m2\repository\org\seleniumhq\selenium\selenium-chrome-driver\3.141.59\selenium-chrome-driver-3.141.59.jar;C:\Users\Toshiyuki\.m2\repository\org\seleniumhq\selenium\selenium-edge-driver\3.141.59\selenium-edge-driver-3.141.59.jar;C:\Users\Toshiyuki\.m2\repository\org\seleniumhq\selenium\selenium-firefox-driver\3.141.59\selenium-firefox-driver-3.141.59.jar;C:\Users\Toshiyuki\.m2\repository\org\seleniumhq\selenium\selenium-ie-driver\3.141.59\selenium-ie-driver-3.141.59.jar;C:\Users\Toshiyuki\.m2\repository\org\seleniumhq\selenium\selenium-opera-driver\3.141.59\selenium-opera-driver-3.141.59.jar;C:\Users\Toshiyuki\.m2\repository\org\seleniumhq\selenium\selenium-safari-driver\3.141.59\selenium-safari-driver-3.141.59.jar;C:\Users\Toshiyuki\.m2\repository\org\seleniumhq\selenium\selenium-support\3.141.59\selenium-support-3.141.59.jar;C:\Users\Toshiyuki\.m2\repository\org\apache\commons\commons-exec\1.3\commons-exec-1.3.jar;C:\Users\Toshiyuki\.m2\repository\com\google\guava\guava\25.0-jre\guava-25.0-jre.jar;C:\Users\Toshiyuki\.m2\repository\com\google\code\findbugs\jsr305\1.3.9\jsr305-1.3.9.jar;C:\Users\Toshiyuki\.m2\repository\org\checkerframework\checker-compat-qual\2.0.0\checker-compat-qual-2.0.0.jar;C:\Users\Toshiyuki\.m2\repository\com\google\errorprone\error_prone_annotations\2.1.3\error_prone_annotations-2.1.3.jar;C:\Users\Toshiyuki\.m2\repository\com\google\j2objc\j2objc-annotations\1.1\j2objc-annotations-1.1.jar;C:\Users\Toshiyuki\.m2\repository\org\codehaus\mojo\animal-sniffer-annotations\1.14\animal-sniffer-annotations-1.14.jar;C:\Users\Toshiyuki\.m2\repository\com\squareup\okhttp3\okhttp\3.11.0\okhttp-3.11.0.jar;C:\Users\Toshiyuki\.m2\repository\com\squareup\okio\okio\1.14.0\okio-1.14.0.jar;C:\Users\Toshiyuki\.m2\repository\org\eclipse\jetty\jetty-plus\9.4.19.v20190610\jetty-plus-9.4.19.v20190610.jar;C:\Users\Toshiyuki\.m2\repository\org\eclipse\jetty\jetty-webapp\9.4.19.v20190610\jetty-webapp-9.4.19.v20190610.jar;C:\Users\Toshiyuki\.m2\repository\org\eclipse\jetty\jetty-xml\9.4.19.v20190610\jetty-xml-9.4.19.v20190610.jar;C:\Users\Toshiyuki\.m2\repository\org\eclipse\jetty\jetty-servlet\9.4.19.v20190610\jetty-servlet-9.4.19.v20190610.jar;C:\Users\Toshiyuki\.m2\repository\org\eclipse\jetty\jetty-security\9.4.19.v20190610\jetty-security-9.4.19.v20190610.jar;C:\Users\Toshiyuki\.m2\repository\org\eclipse\jetty\jetty-server\9.4.19.v20190610\jetty-server-9.4.19.v20190610.jar;C:\Users\Toshiyuki\.m2\repository\org\eclipse\jetty\jetty-http\9.4.19.v20190610\jetty-http-9.4.19.v20190610.jar;C:\Users\Toshiyuki\.m2\repository\org\eclipse\jetty\jetty-io\9.4.19.v20190610\jetty-io-9.4.19.v20190610.jar;C:\Users\Toshiyuki\.m2\repository\org\eclipse\jetty\jetty-jndi\9.4.19.v20190610\jetty-jndi-9.4.19.v20190610.jar;C:\Users\Toshiyuki\.m2\repository\org\eclipse\jetty\jetty-util\9.4.19.v20190610\jetty-util-9.4.19.v20190610.jar;"/>
    <property name="java.vm.vendor" value="Oracle Corporation"/>
    <property name="sun.arch.data.model" value="64"/>
    <property name="user.variant" value=""/>
    <property name="java.vendor.url" value="https://java.oracle.com/"/>
    <property name="user.timezone" value="Asia/Tokyo"/>
    <property name="os.name" value="Windows 10"/>
    <property name="java.vm.specification.version" value="12"/>
    <property name="sun.java.launcher" value="SUN_STANDARD"/>
    <property name="user.country" value="JP"/>
    <property name="sun.boot.library.path" value="C:\Program Files\jdk-12\bin"/>
    <property name="sun.java.command" value="C:\Users\Toshiyuki\AppData\Local\Temp\surefire4772722249851358757\surefirebooter1919175588857340732.jar C:\Users\Toshiyuki\AppData\Local\Temp\surefire4772722249851358757 2019-07-13T15-56-17_573-jvmRun1 surefire11696491716083865865tmp surefire_09190972399873854219tmp"/>
    <property name="jdk.debug" value="release"/>
    <property name="surefire.test.class.path" value="C:\Users\Toshiyuki\maven_prj\mvn-web-app\target\test-classes;C:\Users\Toshiyuki\maven_prj\mvn-web-app\target\classes;C:\Users\Toshiyuki\.m2\repository\javax\servlet\javax.servlet-api\4.0.1\javax.servlet-api-4.0.1.jar;C:\Users\Toshiyuki\.m2\repository\commons-io\commons-io\2.6\commons-io-2.6.jar;C:\Users\Toshiyuki\.m2\repository\org\postgresql\postgresql\42.2.6\postgresql-42.2.6.jar;C:\Users\Toshiyuki\.m2\repository\org\slf4j\slf4j-api\1.7.26\slf4j-api-1.7.26.jar;C:\Users\Toshiyuki\.m2\repository\ch\qos\logback\logback-classic\1.2.3\logback-classic-1.2.3.jar;C:\Users\Toshiyuki\.m2\repository\ch\qos\logback\logback-core\1.2.3\logback-core-1.2.3.jar;C:\Users\Toshiyuki\.m2\repository\junit\junit\4.12\junit-4.12.jar;C:\Users\Toshiyuki\.m2\repository\org\mockito\mockito-core\2.28.2\mockito-core-2.28.2.jar;C:\Users\Toshiyuki\.m2\repository\net\bytebuddy\byte-buddy\1.9.10\byte-buddy-1.9.10.jar;C:\Users\Toshiyuki\.m2\repository\net\bytebuddy\byte-buddy-agent\1.9.10\byte-buddy-agent-1.9.10.jar;C:\Users\Toshiyuki\.m2\repository\org\objenesis\objenesis\2.6\objenesis-2.6.jar;C:\Users\Toshiyuki\.m2\repository\org\hamcrest\hamcrest-core\2.1\hamcrest-core-2.1.jar;C:\Users\Toshiyuki\.m2\repository\org\hamcrest\hamcrest\2.1\hamcrest-2.1.jar;C:\Users\Toshiyuki\.m2\repository\org\hamcrest\hamcrest-all\1.3\hamcrest-all-1.3.jar;C:\Users\Toshiyuki\.m2\repository\com\codeborne\phantomjsdriver\1.4.4\phantomjsdriver-1.4.4.jar;C:\Users\Toshiyuki\.m2\repository\org\seleniumhq\selenium\selenium-api\3.8.1\selenium-api-3.8.1.jar;C:\Users\Toshiyuki\.m2\repository\org\seleniumhq\selenium\selenium-remote-driver\3.8.1\selenium-remote-driver-3.8.1.jar;C:\Users\Toshiyuki\.m2\repository\commons-codec\commons-codec\1.10\commons-codec-1.10.jar;C:\Users\Toshiyuki\.m2\repository\commons-logging\commons-logging\1.2\commons-logging-1.2.jar;C:\Users\Toshiyuki\.m2\repository\com\google\code\gson\gson\2.8.2\gson-2.8.2.jar;C:\Users\Toshiyuki\.m2\repository\org\apache\httpcomponents\httpclient\4.5.3\httpclient-4.5.3.jar;C:\Users\Toshiyuki\.m2\repository\org\apache\httpcomponents\httpcore\4.4.6\httpcore-4.4.6.jar;C:\Users\Toshiyuki\.m2\repository\org\seleniumhq\selenium\selenium-java\3.141.59\selenium-java-3.141.59.jar;C:\Users\Toshiyuki\.m2\repository\org\seleniumhq\selenium\selenium-chrome-driver\3.141.59\selenium-chrome-driver-3.141.59.jar;C:\Users\Toshiyuki\.m2\repository\org\seleniumhq\selenium\selenium-edge-driver\3.141.59\selenium-edge-driver-3.141.59.jar;C:\Users\Toshiyuki\.m2\repository\org\seleniumhq\selenium\selenium-firefox-driver\3.141.59\selenium-firefox-driver-3.141.59.jar;C:\Users\Toshiyuki\.m2\repository\org\seleniumhq\selenium\selenium-ie-driver\3.141.59\selenium-ie-driver-3.141.59.jar;C:\Users\Toshiyuki\.m2\repository\org\seleniumhq\selenium\selenium-opera-driver\3.141.59\selenium-opera-driver-3.141.59.jar;C:\Users\Toshiyuki\.m2\repository\org\seleniumhq\selenium\selenium-safari-driver\3.141.59\selenium-safari-driver-3.141.59.jar;C:\Users\Toshiyuki\.m2\repository\org\seleniumhq\selenium\selenium-support\3.141.59\selenium-support-3.141.59.jar;C:\Users\Toshiyuki\.m2\repository\org\apache\commons\commons-exec\1.3\commons-exec-1.3.jar;C:\Users\Toshiyuki\.m2\repository\com\google\guava\guava\25.0-jre\guava-25.0-jre.jar;C:\Users\Toshiyuki\.m2\repository\com\google\code\findbugs\jsr305\1.3.9\jsr305-1.3.9.jar;C:\Users\Toshiyuki\.m2\repository\org\checkerframework\checker-compat-qual\2.0.0\checker-compat-qual-2.0.0.jar;C:\Users\Toshiyuki\.m2\repository\com\google\errorprone\error_prone_annotations\2.1.3\error_prone_annotations-2.1.3.jar;C:\Users\Toshiyuki\.m2\repository\com\google\j2objc\j2objc-annotations\1.1\j2objc-annotations-1.1.jar;C:\Users\Toshiyuki\.m2\repository\org\codehaus\mojo\animal-sniffer-annotations\1.14\animal-sniffer-annotations-1.14.jar;C:\Users\Toshiyuki\.m2\repository\com\squareup\okhttp3\okhttp\3.11.0\okhttp-3.11.0.jar;C:\Users\Toshiyuki\.m2\repository\com\squareup\okio\okio\1.14.0\okio-1.14.0.jar;C:\Users\Toshiyuki\.m2\repository\org\eclipse\jetty\jetty-plus\9.4.19.v20190610\jetty-plus-9.4.19.v20190610.jar;C:\Users\Toshiyuki\.m2\repository\org\eclipse\jetty\jetty-webapp\9.4.19.v20190610\jetty-webapp-9.4.19.v20190610.jar;C:\Users\Toshiyuki\.m2\repository\org\eclipse\jetty\jetty-xml\9.4.19.v20190610\jetty-xml-9.4.19.v20190610.jar;C:\Users\Toshiyuki\.m2\repository\org\eclipse\jetty\jetty-servlet\9.4.19.v20190610\jetty-servlet-9.4.19.v20190610.jar;C:\Users\Toshiyuki\.m2\repository\org\eclipse\jetty\jetty-security\9.4.19.v20190610\jetty-security-9.4.19.v20190610.jar;C:\Users\Toshiyuki\.m2\repository\org\eclipse\jetty\jetty-server\9.4.19.v20190610\jetty-server-9.4.19.v20190610.jar;C:\Users\Toshiyuki\.m2\repository\org\eclipse\jetty\jetty-http\9.4.19.v20190610\jetty-http-9.4.19.v20190610.jar;C:\Users\Toshiyuki\.m2\repository\org\eclipse\jetty\jetty-io\9.4.19.v20190610\jetty-io-9.4.19.v20190610.jar;C:\Users\Toshiyuki\.m2\repository\org\eclipse\jetty\jetty-jndi\9.4.19.v20190610\jetty-jndi-9.4.19.v20190610.jar;C:\Users\Toshiyuki\.m2\repository\org\eclipse\jetty\jetty-util\9.4.19.v20190610\jetty-util-9.4.19.v20190610.jar;"/>
    <property name="sun.cpu.endian" value="little"/>
    <property name="user.home" value="C:\Users\Toshiyuki"/>
    <property name="user.language" value="ja"/>
    <property name="java.specification.vendor" value="Oracle Corporation"/>
    <property name="java.version.date" value="2019-03-19"/>
    <property name="java.home" value="C:\Program Files\jdk-12"/>
    <property name="file.separator" value="\"/>
    <property name="basedir" value="C:\Users\Toshiyuki\maven_prj\mvn-web-app"/>
    <property name="java.vm.compressedOopsMode" value="Zero based"/>
    <property name="line.separator" value="&#10;"/>
    <property name="java.vm.specification.vendor" value="Oracle Corporation"/>
    <property name="java.specification.name" value="Java Platform API Specification"/>
    <property name="java.awt.graphicsenv" value="sun.awt.Win32GraphicsEnvironment"/>
    <property name="surefire.real.class.path" value="C:\Users\Toshiyuki\AppData\Local\Temp\surefire4772722249851358757\surefirebooter1919175588857340732.jar"/>
    <property name="user.script" value=""/>
    <property name="sun.management.compiler" value="HotSpot 64-Bit Tiered Compilers"/>
    <property name="java.runtime.version" value="12+33"/>
    <property name="user.name" value="Toshiyuki"/>
    <property name="path.separator" value=";"/>
    <property name="os.version" value="10.0"/>
    <property name="java.runtime.name" value="OpenJDK Runtime Environment"/>
    <property name="file.encoding" value="MS932"/>
    <property name="java.vm.name" value="OpenJDK 64-Bit Server VM"/>
    <property name="localRepository" value="C:\Users\Toshiyuki\.m2\repository"/>
    <property name="java.vendor.url.bug" value="https://bugreport.java.com/bugreport/"/>
    <property name="java.io.tmpdir" value="C:\Users\Toshiyuki\AppData\Local\Temp\"/>
    <property name="java.version" value="12"/>
    <property name="user.dir" value="C:\Users\Toshiyuki\maven_prj\mvn-web-app"/>
    <property name="os.arch" value="amd64"/>
    <property name="java.vm.specification.name" value="Java Virtual Machine Specification"/>
    <property name="sun.os.patch.level" value=""/>
    <property name="java.library.path" value="C:\Program Files\jdk-12\bin;C:\WINDOWS\Sun\Java\bin;C:\WINDOWS\system32;C:\WINDOWS;C:\Windows\system32;C:\Windows;C:\Windows\System32\Wbem;C:\Windows\System32\WindowsPowerShell\v1.0\;C:\Program Files (x86)\NVIDIA Corporation\PhysX\Common;C:\WINDOWS\system32;C:\WINDOWS;C:\WINDOWS\System32\Wbem;C:\WINDOWS\System32\WindowsPowerShell\v1.0\;C:\WINDOWS\System32\OpenSSH\;C:\Program Files\NVIDIA Corporation\NVIDIA NvDLISR;C:\Program Files\Intel\WiFi\bin\;C:\Program Files\Common Files\Intel\WirelessCommon\;C:\Program Files (x86)\Intel\Intel(R) Management Engine Components\DAL;C:\Program Files\Intel\Intel(R) Management Engine Components\DAL;C:\Program Files\apache-maven-3.6.1\bin;C:\Program Files\PostgreSQL\11\bin;C:\Users\Toshiyuki\AppData\Local\Microsoft\WindowsApps;C:\Program Files\jdk-12\bin;C:\Users\Toshiyuki\AppData\Local\atom\bin;."/>
    <property name="java.vm.info" value="mixed mode, sharing"/>
    <property name="java.vendor" value="Oracle Corporation"/>
    <property name="java.vm.version" value="12+33"/>
    <property name="sun.io.unicode.encoding" value="UnicodeLittle"/>
    <property name="java.class.version" value="56.0"/>
  </properties>
  <testcase name="getMethodNameメソッドが正しいメソッド名を返すこと" classname="com.toshi313.common.UtilTest" time="0.015"/>
  <testcase name="getClassNameメソッドが正しいクラス名を返すこと" classname="com.toshi313.common.UtilTest" time="0"/>
  <testcase name="getInstanceメソッドが正しいInstanceを返すこと" classname="com.toshi313.common.PropertyInfoTest" time="0.387"/>
  <testcase name="getValueメソッドが正しい値を返すこと" classname="com.toshi313.common.PropertyInfoTest" time="0.176"/>
</testsuite>